# JRE version: OpenJDK Runtime Environment (22.0.1+8) (build 22.0.1+8-16)
# Java VM: OpenJDK 64-Bit Server VM (22.0.1+8-16, mixed mode, sharing, tiered, compressed oops, compressed class ptrs, g1 gc, windows-amd64)
GC Precious Log:
 CardTable entry size: 512
 Card Set container configuration: InlinePtr #cards 5 size 8 Array Of Cards #cards 12 size 40 Howl #buckets 4 coarsen threshold 1843 Howl Bitmap #cards 512 size 80 coarsen threshold 460 Card regions per heap region 1 cards per card region 2048
 CPUs: 4 total, 4 available
 Memory: 8031M
 Large Page Support: Disabled
 NUMA Support: Disabled
 Compressed Oops: Enabled (32-bit)
 Heap Region Size: 1M
 Heap Min Capacity: 8M
 Heap Initial Capacity: 126M
 Heap Max Capacity: 2008M
 Pre-touch: Disabled
 Parallel Workers: 4
 Concurrent Workers: 1
 Concurrent Refinement Workers: 4
 Periodic GC: Disabled
Heap:
 garbage-first heap   total reserved 2056192K, committed 58368K, used 36264K [0x0000000082800000, 0x0000000100000000)
  region size 1024K, 7 young (7168K), 1 survivors (1024K)
 Metaspace       used 75792K, committed 76480K, reserved 1179648K
  class space    used 10171K, committed 10560K, reserved 1048576K
GC Heap History (20 events):
Event: 347.959 GC heap before
{Heap before GC invocations=23 (full 0):
 garbage-first heap   total reserved 2056192K, committed 55296K, used 48297K [0x0000000082800000, 0x0000000100000000)
  region size 1024K, 18 young (18432K), 1 survivors (1024K)
 Metaspace       used 73784K, committed 74496K, reserved 1114112K
  class space    used 10163K, committed 10496K, reserved 1048576K
}
Event: 347.964 GC heap after
{Heap after GC invocations=24 (full 0):
 garbage-first heap   total reserved 2056192K, committed 55296K, used 32738K [0x0000000082800000, 0x0000000100000000)
  region size 1024K, 2 young (2048K), 2 survivors (2048K)
 Metaspace       used 73784K, committed 74496K, reserved 1114112K
  class space    used 10163K, committed 10496K, reserved 1048576K
}
Event: 5349.630 GC heap before
{Heap before GC invocations=24 (full 0):
 garbage-first heap   total reserved 2056192K, committed 55296K, used 48098K [0x0000000082800000, 0x0000000100000000)
  region size 1024K, 17 young (17408K), 2 survivors (2048K)
 Metaspace       used 74778K, committed 75456K, reserved 1114112K
  class space    used 10264K, committed 10560K, reserved 1048576K
}
Event: 5349.726 GC heap after
{Heap after GC invocations=25 (full 0):
 garbage-first heap   total reserved 2056192K, committed 55296K, used 34141K [0x0000000082800000, 0x0000000100000000)
  region size 1024K, 3 young (3072K), 3 survivors (3072K)
 Metaspace       used 74778K, committed 75456K, reserved 1114112K
  class space    used 10264K, committed 10560K, reserved 1048576K
}
Event: 9795.679 GC heap before
{Heap before GC invocations=26 (full 0):
 garbage-first heap   total reserved 2056192K, committed 58368K, used 46429K [0x0000000082800000, 0x0000000100000000)
  region size 1024K, 16 young (16384K), 3 survivors (3072K)
 Metaspace       used 74690K, committed 75520K, reserved 1114112K
  class space    used 10176K, committed 10560K, reserved 1048576K
}
Event: 9796.378 GC heap after
{Heap after GC invocations=27 (full 0):
 garbage-first heap   total reserved 2056192K, committed 58368K, used 35448K [0x0000000082800000, 0x0000000100000000)
  region size 1024K, 2 young (2048K), 2 survivors (2048K)
 Metaspace       used 74690K, committed 75520K, reserved 1114112K
  class space    used 10176K, committed 10560K, reserved 1048576K
}
Event: 9811.799 GC heap before
{Heap before GC invocations=27 (full 0):
 garbage-first heap   total reserved 2056192K, committed 58368K, used 51832K [0x0000000082800000, 0x0000000100000000)
  region size 1024K, 18 young (18432K), 2 survivors (2048K)
 Metaspace       used 75455K, committed 76160K, reserved 1179648K
  class space    used 10177K, committed 10560K, reserved 1048576K
}
Event: 9812.238 GC heap after
{Heap after GC invocations=28 (full 0):
 garbage-first heap   total reserved 2056192K, committed 58368K, used 32868K [0x0000000082800000, 0x0000000100000000)
  region size 1024K, 1 young (1024K), 1 survivors (1024K)
 Metaspace       used 75455K, committed 76160K, reserved 1179648K
  class space    used 10177K, committed 10560K, reserved 1048576K
}
Event: 9896.155 GC heap before
{Heap before GC invocations=28 (full 0):
 garbage-first heap   total reserved 2056192K, committed 58368K, used 52324K [0x0000000082800000, 0x0000000100000000)
  region size 1024K, 20 young (20480K), 1 survivors (1024K)
 Metaspace       used 75775K, committed 76480K, reserved 1179648K
  class space    used 10177K, committed 10560K, reserved 1048576K
}
Event: 9896.206 GC heap after
{Heap after GC invocations=29 (full 0):
 garbage-first heap   total reserved 2056192K, committed 58368K, used 32822K [0x0000000082800000, 0x0000000100000000)
  region size 1024K, 1 young (1024K), 1 survivors (1024K)
 Metaspace       used 75775K, committed 76480K, reserved 1179648K
  class space    used 10177K, committed 10560K, reserved 1048576K
}
Event: 9905.737 GC heap before
{Heap before GC invocations=29 (full 0):
 garbage-first heap   total reserved 2056192K, committed 58368K, used 52278K [0x0000000082800000, 0x0000000100000000)
  region size 1024K, 20 young (20480K), 1 survivors (1024K)
 Metaspace       used 75779K, committed 76480K, reserved 1179648K
  class space    used 10177K, committed 10560K, reserved 1048576K
}
Event: 9905.766 GC heap after
{Heap after GC invocations=30 (full 0):
 garbage-first heap   total reserved 2056192K, committed 58368K, used 32796K [0x0000000082800000, 0x0000000100000000)
  region size 1024K, 1 young (1024K), 1 survivors (1024K)
 Metaspace       used 75779K, committed 76480K, reserved 1179648K
  class space    used 10177K, committed 10560K, reserved 1048576K
}
Event: 9929.144 GC heap before
{Heap before GC invocations=31 (full 0):
 garbage-first heap   total reserved 2056192K, committed 58368K, used 52252K [0x0000000082800000, 0x0000000100000000)
  region size 1024K, 20 young (20480K), 1 survivors (1024K)
 Metaspace       used 75761K, committed 76480K, reserved 1179648K
  class space    used 10170K, committed 10560K, reserved 1048576K
}
Event: 9929.146 GC heap after
{Heap after GC invocations=32 (full 0):
 garbage-first heap   total reserved 2056192K, committed 58368K, used 32781K [0x0000000082800000, 0x0000000100000000)
  region size 1024K, 1 young (1024K), 1 survivors (1024K)
 Metaspace       used 75761K, committed 76480K, reserved 1179648K
  class space    used 10170K, committed 10560K, reserved 1048576K
}
Event: 9969.210 GC heap before
{Heap before GC invocations=32 (full 0):
 garbage-first heap   total reserved 2056192K, committed 58368K, used 52237K [0x0000000082800000, 0x0000000100000000)
  region size 1024K, 20 young (20480K), 1 survivors (1024K)
 Metaspace       used 75762K, committed 76480K, reserved 1179648K
  class space    used 10170K, committed 10560K, reserved 1048576K
}
Event: 9969.229 GC heap after
{Heap after GC invocations=33 (full 0):
 garbage-first heap   total reserved 2056192K, committed 58368K, used 31479K [0x0000000082800000, 0x0000000100000000)
  region size 1024K, 1 young (1024K), 1 survivors (1024K)
 Metaspace       used 75762K, committed 76480K, reserved 1179648K
  class space    used 10170K, committed 10560K, reserved 1048576K
}
Event: 10008.961 GC heap before
{Heap before GC invocations=33 (full 0):
 garbage-first heap   total reserved 2056192K, committed 58368K, used 51959K [0x0000000082800000, 0x0000000100000000)
  region size 1024K, 21 young (21504K), 1 survivors (1024K)
 Metaspace       used 75788K, committed 76480K, reserved 1179648K
  class space    used 10171K, committed 10560K, reserved 1048576K
}
Event: 10008.972 GC heap after
{Heap after GC invocations=34 (full 0):
 garbage-first heap   total reserved 2056192K, committed 58368K, used 31146K [0x0000000082800000, 0x0000000100000000)
  region size 1024K, 1 young (1024K), 1 survivors (1024K)
 Metaspace       used 75788K, committed 76480K, reserved 1179648K
  class space    used 10171K, committed 10560K, reserved 1048576K
}
Event: 10096.727 GC heap before
{Heap before GC invocations=34 (full 0):
 garbage-first heap   total reserved 2056192K, committed 58368K, used 51626K [0x0000000082800000, 0x0000000100000000)
  region size 1024K, 21 young (21504K), 1 survivors (1024K)
 Metaspace       used 75792K, committed 76480K, reserved 1179648K
  class space    used 10171K, committed 10560K, reserved 1048576K
}
Event: 10096.731 GC heap after
{Heap after GC invocations=35 (full 0):
 garbage-first heap   total reserved 2056192K, committed 58368K, used 31144K [0x0000000082800000, 0x0000000100000000)
  region size 1024K, 1 young (1024K), 1 survivors (1024K)
 Metaspace       used 75792K, committed 76480K, reserved 1179648K
  class space    used 10171K, committed 10560K, reserved 1048576K
}

